<?xml version="1.0" encoding="UTF-8"?>
<testsuite xmlns:xsi="http://www.w3.org/2001/XMLSchema-instance" xsi:noNamespaceSchemaLocation="https://maven.apache.org/surefire/maven-surefire-plugin/xsd/surefire-test-report-3.0.xsd" version="3.0" name="com.shopscale.notification.service.DeadLetterQueueServiceTest" time="0.12" tests="5" errors="0" skipped="0" failures="0">
  <properties>
[...]
</properties>
  <testcase name="shouldGetDeadLetterQueue" classname="com.shopscale.notification.service.DeadLetterQueueServiceTest" time="0.108">
    <system-out><![CDATA[2026-02-19 19:53:12 - Added notification to dead letter queue. Order: order-123, Email: customer@example.com, Error: Error 1
2026-02-19 19:53:12 - Added notification to dead letter queue. Order: order-456, Email: customer@example.com, Error: Error 2
]]></system-out>
  </testcase>
  <testcase name="shouldReturnNullWhenPollingEmptyQueue" classname="com.shopscale.notification.service.DeadLetterQueueServiceTest" time="0.002"/>
  <testcase name="shouldClearDeadLetterQueue" classname="com.shopscale.notification.service.DeadLetterQueueServiceTest" time="0.003">
    <system-out><![CDATA[2026-02-19 19:53:12 - Added notification to dead letter queue. Order: order-123, Email: customer@example.com, Error: Error 1
2026-02-19 19:53:12 - Added notification to dead letter queue. Order: order-456, Email: customer@example.com, Error: Error 2
2026-02-19 19:53:12 - Cleared 2 items from dead letter queue
]]></system-out>
  </testcase>
  <testcase name="shouldAddToDeadLetterQueue" classname="com.shopscale.notification.service.DeadLetterQueueServiceTest" time="0.002">
    <system-out><![CDATA[2026-02-19 19:53:12 - Added notification to dead letter queue. Order: order-123, Email: customer@example.com, Error: Email sending failed
]]></system-out>
  </testcase>
  <testcase name="shouldPollFromDeadLetterQueue" classname="com.shopscale.notification.service.DeadLetterQueueServiceTest" time="0.001">
    <system-out><![CDATA[2026-02-19 19:53:12 - Added notification to dead letter queue. Order: order-123, Email: customer@example.com, Error: Email sending failed
]]></system-out>
  </testcase>
</testsuite>