<?xml version="1.0" encoding="UTF-8"?>
<testsuite xmlns:xsi="http://www.w3.org/2001/XMLSchema-instance" xsi:noNamespaceSchemaLocation="https://maven.apache.org/surefire/maven-surefire-plugin/xsd/surefire-test-report-3.0.xsd" version="3.0" name="com.shopscale.product.service.ProductServiceTest" time="0.631" tests="12" errors="0" skipped="0" failures="0">
  <properties>
[...]
</properties>
  <testcase name="deactivateProduct_ShouldSetProductToInactive" classname="com.shopscale.product.service.ProductServiceTest" time="0.542">
    <system-out><![CDATA[2026-02-16T08:56:42.923+05:30  INFO 18016 --- [product-service] [           main] c.s.product.service.ProductService       : Deactivating product: prod_001
2026-02-16T08:56:42.937+05:30  INFO 18016 --- [product-service] [           main] c.s.product.service.ProductService       : Product deactivated successfully: prod_001
]]></system-out>
  </testcase>
  <testcase name="createProduct_ShouldCreateProductSuccessfully" classname="com.shopscale.product.service.ProductServiceTest" time="0.01">
    <system-out><![CDATA[2026-02-16T08:56:42.972+05:30  INFO 18016 --- [product-service] [           main] c.s.product.service.ProductService       : Creating new product: Test Laptop
2026-02-16T08:56:42.973+05:30  INFO 18016 --- [product-service] [           main] c.s.product.service.ProductService       : Product created successfully: 69d299d7-d944-452a-acef-68874d6578e2
]]></system-out>
  </testcase>
  <testcase name="deactivateProduct_ShouldThrowExceptionWhenNotExists" classname="com.shopscale.product.service.ProductServiceTest" time="0.011">
    <system-out><![CDATA[2026-02-16T08:56:42.982+05:30  INFO 18016 --- [product-service] [           main] c.s.product.service.ProductService       : Deactivating product: nonexistent
]]></system-out>
  </testcase>
  <testcase name="getInStockProducts_ShouldReturnOnlyInStockProducts" classname="com.shopscale.product.service.ProductServiceTest" time="0.005">
    <system-out><![CDATA[2026-02-16T08:56:42.992+05:30  INFO 18016 --- [product-service] [           main] c.s.product.service.ProductService       : Fetching in-stock products
]]></system-out>
  </testcase>
  <testcase name="updateStock_ShouldUpdateStockQuantity" classname="com.shopscale.product.service.ProductServiceTest" time="0.006">
    <system-out><![CDATA[2026-02-16T08:56:42.997+05:30  INFO 18016 --- [product-service] [           main] c.s.product.service.ProductService       : Updating stock for product: prod_001 to quantity: 100
2026-02-16T08:56:42.998+05:30  INFO 18016 --- [product-service] [           main] c.s.product.service.ProductService       : Fetching product: prod_001
2026-02-16T08:56:42.999+05:30  INFO 18016 --- [product-service] [           main] c.s.product.service.ProductService       : Stock updated successfully for product: prod_001
]]></system-out>
  </testcase>
  <testcase name="getProductsByPriceRange_ShouldReturnProductsInRange" classname="com.shopscale.product.service.ProductServiceTest" time="0.005">
    <system-out><![CDATA[2026-02-16T08:56:43.004+05:30  INFO 18016 --- [product-service] [           main] c.s.product.service.ProductService       : Fetching products in price range: 1000.00 - 1500.00
]]></system-out>
  </testcase>
  <testcase name="getProduct_ShouldThrowExceptionWhenNotExists" classname="com.shopscale.product.service.ProductServiceTest" time="0.005">
    <system-out><![CDATA[2026-02-16T08:56:43.010+05:30  INFO 18016 --- [product-service] [           main] c.s.product.service.ProductService       : Fetching product: nonexistent
]]></system-out>
  </testcase>
  <testcase name="getProduct_ShouldReturnProductWhenExists" classname="com.shopscale.product.service.ProductServiceTest" time="0.004">
    <system-out><![CDATA[2026-02-16T08:56:43.016+05:30  INFO 18016 --- [product-service] [           main] c.s.product.service.ProductService       : Fetching product: prod_001
]]></system-out>
  </testcase>
  <testcase name="searchProducts_ShouldReturnMatchingProducts" classname="com.shopscale.product.service.ProductServiceTest" time="0.007">
    <system-out><![CDATA[2026-02-16T08:56:43.024+05:30  INFO 18016 --- [product-service] [           main] c.s.product.service.ProductService       : Searching products with name: laptop
]]></system-out>
  </testcase>
  <testcase name="getProductsByCategory_ShouldReturnProductsInCategory" classname="com.shopscale.product.service.ProductServiceTest" time="0.005">
    <system-out><![CDATA[2026-02-16T08:56:43.030+05:30  INFO 18016 --- [product-service] [           main] c.s.product.service.ProductService       : Fetching products for category: electronics
]]></system-out>
  </testcase>
  <testcase name="getAllProducts_ShouldReturnAllActiveProducts" classname="com.shopscale.product.service.ProductServiceTest" time="0.005">
    <system-out><![CDATA[2026-02-16T08:56:43.036+05:30  INFO 18016 --- [product-service] [           main] c.s.product.service.ProductService       : Fetching all active products
]]></system-out>
  </testcase>
  <testcase name="updatePrice_ShouldUpdateProductPrice" classname="com.shopscale.product.service.ProductServiceTest" time="0.006">
    <system-out><![CDATA[2026-02-16T08:56:43.042+05:30  INFO 18016 --- [product-service] [           main] c.s.product.service.ProductService       : Updating price for product: prod_001 to: 1499.99
2026-02-16T08:56:43.042+05:30  INFO 18016 --- [product-service] [           main] c.s.product.service.ProductService       : Fetching product: prod_001
2026-02-16T08:56:43.043+05:30  INFO 18016 --- [product-service] [           main] c.s.product.service.ProductService       : Price updated successfully for product: prod_001
]]></system-out>
  </testcase>
</testsuite>